<?xml version="1.0" encoding="UTF-8" standalone="no"?>
<testsuite errors="0" failures="1" name="io.cucumber.core.plugin.JUnitFormatter" skipped="0" tests="1" time="43.546">
    <testcase classname="A101 sitesine gidilip ıstenilen urun ile siparis tamamlanacak" name="kullanici a101 sayfasinda istedigi urunu sepete ekler" time="43.381">
        <failure message="element click intercepted: Element &lt;button type=&quot;submit&quot; class=&quot;button block green js-proceed-button&quot; data-index=&quot;1&quot; disabled=&quot;&quot;&gt;...&lt;/button&gt; is not clickable at point (884, 344). Other element would receive the click: &lt;input type=&quot;text&quot; name=&quot;phone_number&quot; class=&quot;js-phone-number&quot; value=&quot;&quot; aria-invalid=&quot;false&quot;&gt;&#10;  (Session info: chrome=105.0.5195.127)&#10;Build info: version: '4.1.3', revision: '7b1ebf28ef'&#10;System info: host: 'DESKTOP-L54O7G3', ip: '192.168.1.126', os.name: 'Windows 10', os.arch: 'amd64', os.version: '10.0', java.version: '11.0.13'&#10;Driver info: org.openqa.selenium.chrome.ChromeDriver&#10;Command: [da296d75e2c7d868899c7cc075e46264, clickElement {id=f4363fb4-3311-4c02-9386-b6c7b0961ffa}]&#10;Capabilities {acceptInsecureCerts: false, browserName: chrome, browserVersion: 105.0.5195.127, chrome: {chromedriverVersion: 105.0.5195.52 (412c95e51883..., userDataDir: C:\Users\BRA~1\AppData\Loca...}, goog:chromeOptions: {debuggerAddress: localhost:64356}, javascriptEnabled: true, networkConnectionEnabled: false, pageLoadStrategy: normal, platform: WINDOWS, platformName: WINDOWS, proxy: Proxy(), se:cdp: ws://localhost:64356/devtoo..., se:cdpVersion: 105.0.5195.127, setWindowRect: true, strictFileInteractability: false, timeouts: {implicit: 0, pageLoad: 300000, script: 30000}, unhandledPromptBehavior: dismiss and notify, webauthn:extension:credBlob: true, webauthn:extension:largeBlob: true, webauthn:virtualAuthenticators: true}&#10;Element: [[ChromeDriver: chrome on WINDOWS (da296d75e2c7d868899c7cc075e46264)] -&gt; xpath: //*[@class='button block green js-proceed-button']]&#10;Session ID: da296d75e2c7d868899c7cc075e46264" type="org.openqa.selenium.ElementClickInterceptedException">
            <![CDATA[Given "a101" anasayfasina gidildi...........................................passed
And cookieler kabul edildi..................................................passed
Then Giyim&Aksesuar butonuna tiklandi.......................................passed
And Giyim&Aksesuar altinda yer alan Kadin İc Giyim kategorisine tiklandi....passed
And Kadin İc Giyim altinda yer alan Dizalti Çorap kategorisine tiklandi.....passed
Then filtrelerden Renk olarak siyah secildi.................................passed
And acilan urunun siyah oldugu dogrulandi...................................passed
And Sepete Ekle butonuna tiklandi...........................................passed
And Sepeti Goruntule butonuna tiklandi......................................passed
And Sepeti Onayla butonuna tiklandi.........................................passed
And Uye Olmadan Devam Et butonuna tiklandi..................................passed
And Email alani dolduruldu ve Devam Et butonuna tiklandi....................passed
And Yeni adres olustur kutusuna tiklandi....................................passed
And adres bilgileri dolduruldu ve kaydedildi................................passed
And Kaydet ve Devam Et butonuna tiklandi....................................passed
And Siparisi Tamamla butonuna tiklandi ve odeme sayfasina yonlendi..........failed

StackTrace:
org.openqa.selenium.ElementClickInterceptedException: element click intercepted: Element <button type="submit" class="button block green js-proceed-button" data-index="1" disabled="">...</button> is not clickable at point (884, 344). Other element would receive the click: <input type="text" name="phone_number" class="js-phone-number" value="" aria-invalid="false">
  (Session info: chrome=105.0.5195.127)
Build info: version: '4.1.3', revision: '7b1ebf28ef'
System info: host: 'DESKTOP-L54O7G3', ip: '192.168.1.126', os.name: 'Windows 10', os.arch: 'amd64', os.version: '10.0', java.version: '11.0.13'
Driver info: org.openqa.selenium.chrome.ChromeDriver
Command: [da296d75e2c7d868899c7cc075e46264, clickElement {id=f4363fb4-3311-4c02-9386-b6c7b0961ffa}]
Capabilities {acceptInsecureCerts: false, browserName: chrome, browserVersion: 105.0.5195.127, chrome: {chromedriverVersion: 105.0.5195.52 (412c95e51883..., userDataDir: C:\Users\BRA~1\AppData\Loca...}, goog:chromeOptions: {debuggerAddress: localhost:64356}, javascriptEnabled: true, networkConnectionEnabled: false, pageLoadStrategy: normal, platform: WINDOWS, platformName: WINDOWS, proxy: Proxy(), se:cdp: ws://localhost:64356/devtoo..., se:cdpVersion: 105.0.5195.127, setWindowRect: true, strictFileInteractability: false, timeouts: {implicit: 0, pageLoad: 300000, script: 30000}, unhandledPromptBehavior: dismiss and notify, webauthn:extension:credBlob: true, webauthn:extension:largeBlob: true, webauthn:virtualAuthenticators: true}
Element: [[ChromeDriver: chrome on WINDOWS (da296d75e2c7d868899c7cc075e46264)] -> xpath: //*[@class='button block green js-proceed-button']]
Session ID: da296d75e2c7d868899c7cc075e46264
	at java.base/jdk.internal.reflect.NativeConstructorAccessorImpl.newInstance0(Native Method)
	at java.base/jdk.internal.reflect.NativeConstructorAccessorImpl.newInstance(NativeConstructorAccessorImpl.java:62)
	at java.base/jdk.internal.reflect.DelegatingConstructorAccessorImpl.newInstance(DelegatingConstructorAccessorImpl.java:45)
	at java.base/java.lang.reflect.Constructor.newInstance(Constructor.java:490)
	at org.openqa.selenium.remote.codec.w3c.W3CHttpResponseCodec.createException(W3CHttpResponseCodec.java:200)
	at org.openqa.selenium.remote.codec.w3c.W3CHttpResponseCodec.decode(W3CHttpResponseCodec.java:133)
	at org.openqa.selenium.remote.codec.w3c.W3CHttpResponseCodec.decode(W3CHttpResponseCodec.java:53)
	at org.openqa.selenium.remote.HttpCommandExecutor.execute(HttpCommandExecutor.java:184)
	at org.openqa.selenium.remote.service.DriverCommandExecutor.invokeExecute(DriverCommandExecutor.java:167)
	at org.openqa.selenium.remote.service.DriverCommandExecutor.execute(DriverCommandExecutor.java:142)
	at org.openqa.selenium.remote.RemoteWebDriver.execute(RemoteWebDriver.java:567)
	at org.openqa.selenium.remote.RemoteWebElement.execute(RemoteWebElement.java:251)
	at org.openqa.selenium.remote.RemoteWebElement.click(RemoteWebElement.java:77)
	at java.base/jdk.internal.reflect.NativeMethodAccessorImpl.invoke0(Native Method)
	at java.base/jdk.internal.reflect.NativeMethodAccessorImpl.invoke(NativeMethodAccessorImpl.java:62)
	at java.base/jdk.internal.reflect.DelegatingMethodAccessorImpl.invoke(DelegatingMethodAccessorImpl.java:43)
	at java.base/java.lang.reflect.Method.invoke(Method.java:566)
	at org.openqa.selenium.support.pagefactory.internal.LocatingElementHandler.invoke(LocatingElementHandler.java:52)
	at com.sun.proxy.$Proxy21.click(Unknown Source)
	at stepDefinitions.A101StepDefinitions.siparisi_tamamla_butonuna_tiklandi_ve_odeme_sayfasina_yonlendi(A101StepDefinitions.java:119)
	at ✽.Siparisi Tamamla butonuna tiklandi ve odeme sayfasina yonlendi(file:///C:/Users/büşra/IdeaProjects/a101testOtomasyon/src/test/resources/features/A101.feature:19)
]]>
        </failure>
    </testcase>
</testsuite>
